<?xml version="1.0" encoding="UTF-8"?>
<testsuite name="org.searching.service.AppTest" time="0" tests="1" errors="0" skipped="0" failures="0">
  <properties>
    <property name="java.runtime.name" value="Java(TM) SE Runtime Environment"/>
    <property name="sun.boot.library.path" value="F:\MyEclipse\binary\com.sun.java.jdk8.win32.x86_64_1.8.0.v112\jre\bin"/>
    <property name="java.vm.version" value="25.112-b15"/>
    <property name="java.vm.vendor" value="Oracle Corporation"/>
    <property name="maven.multiModuleProjectDirectory" value="D:\cheese java\nw\nw spring\jp\searching-service"/>
    <property name="java.vendor.url" value="http://java.oracle.com/"/>
    <property name="path.separator" value=";"/>
    <property name="guice.disable.misplaced.annotation.check" value="true"/>
    <property name="java.vm.name" value="Java HotSpot(TM) 64-Bit Server VM"/>
    <property name="file.encoding.pkg" value="sun.io"/>
    <property name="user.script" value=""/>
    <property name="user.country" value="CN"/>
    <property name="sun.java.launcher" value="SUN_STANDARD"/>
    <property name="sun.os.patch.level" value=""/>
    <property name="java.vm.specification.name" value="Java Virtual Machine Specification"/>
    <property name="user.dir" value="D:\cheese java\nw\nw spring\jp\searching-service"/>
    <property name="java.runtime.version" value="1.8.0_112-b15"/>
    <property name="java.awt.graphicsenv" value="sun.awt.Win32GraphicsEnvironment"/>
    <property name="java.endorsed.dirs" value="F:\MyEclipse\binary\com.sun.java.jdk8.win32.x86_64_1.8.0.v112\jre\lib\endorsed"/>
    <property name="os.arch" value="amd64"/>
    <property name="java.io.tmpdir" value="C:\Users\54329\AppData\Local\Temp\"/>
    <property name="line.separator" value="&#10;"/>
    <property name="java.vm.specification.vendor" value="Oracle Corporation"/>
    <property name="user.variant" value=""/>
    <property name="os.name" value="Windows 10"/>
    <property name="classworlds.conf" value="D:\cheese java\nw\nw spring\.metadata\.plugins\org.eclipse.m2e.launching\launches\m2conf1771152708308399435.tmp"/>
    <property name="sun.jnu.encoding" value="GBK"/>
    <property name="java.library.path" value="F:\MyEclipse\binary\com.sun.java.jdk8.win32.x86_64_1.8.0.v112\bin;C:\WINDOWS\Sun\Java\bin;C:\WINDOWS\system32;C:\WINDOWS;F:\MyEclipse\binary\com.sun.java.jdk8.win32.x86_64_1.8.0.v112\jre\bin;C:\Program Files (x86)\Common Files\Intel\Shared Libraries\redist\intel64\compiler;C:\ProgramData\Oracle\Java\javapath;D:\python27\;D:\python27\Scripts;C:\Program Files (x86)\Intel\iCLS Client\;C:\Program Files\Intel\iCLS Client\;C:\Windows\system32;C:\Windows;C:\Windows\System32\Wbem;C:\Windows\System32\WindowsPowerShell\v1.0\;C:\Program Files (x86)\NVIDIA Corporation\PhysX\Common;C:\Program Files (x86)\Intel\Intel(R) Management Engine Components\DAL;C:\Program Files\Intel\Intel(R) Management Engine Components\DAL;C:\Program Files (x86)\Intel\Intel(R) Management Engine Components\IPT;C:\Program Files\Intel\Intel(R) Management Engine Components\IPT;D:\redis;C:\Program Files\MySQL\MySQL Utilities 1.6\;C:\Program Files\MySQL\MySQL Server 5.7\bin;D:\apache-maven-3.5.3\bin;C:\Program Files\Git\cmd;D:\zookeeper-3.4.8\bin;C:\WINDOWS\system32;C:\WINDOWS;C:\WINDOWS\System32\Wbem;C:\WINDOWS\System32\WindowsPowerShell\v1.0\;C:\WINDOWS\System32\OpenSSH\;F:\nodeJs\;C:\Program Files (x86)\I2finance\apache-tomcat-6.0.16\koalii_svs_signdata;;C:\Program Files\NVIDIA Corporation\NVIDIA NvDLISR;C:\Users\54329\AppData\Local\Microsoft\WindowsApps;C:\Users\54329\AppData\Roaming\npm;;."/>
    <property name="java.specification.name" value="Java Platform API Specification"/>
    <property name="java.class.version" value="52.0"/>
    <property name="sun.management.compiler" value="HotSpot 64-Bit Tiered Compilers"/>
    <property name="os.version" value="10.0"/>
    <property name="user.home" value="C:\Users\54329"/>
    <property name="user.timezone" value="Asia/Shanghai"/>
    <property name="java.awt.printerjob" value="sun.awt.windows.WPrinterJob"/>
    <property name="java.specification.version" value="1.8"/>
    <property name="file.encoding" value="GBK"/>
    <property name="user.name" value="54329"/>
    <property name="java.class.path" value="/F:/MyEclipse/plugins/org.eclipse.m2e.maven.runtime_1.7.0.20160603-1931/jars/plexus-classworlds-2.5.2.jar"/>
    <property name="java.vm.specification.version" value="1.8"/>
    <property name="sun.arch.data.model" value="64"/>
    <property name="java.home" value="F:\MyEclipse\binary\com.sun.java.jdk8.win32.x86_64_1.8.0.v112\jre"/>
    <property name="sun.java.command" value="org.codehaus.plexus.classworlds.launcher.Launcher -B install"/>
    <property name="java.specification.vendor" value="Oracle Corporation"/>
    <property name="user.language" value="zh"/>
    <property name="awt.toolkit" value="sun.awt.windows.WToolkit"/>
    <property name="java.vm.info" value="mixed mode"/>
    <property name="java.version" value="1.8.0_112"/>
    <property name="java.ext.dirs" value="F:\MyEclipse\binary\com.sun.java.jdk8.win32.x86_64_1.8.0.v112\jre\lib\ext;C:\WINDOWS\Sun\Java\lib\ext"/>
    <property name="sun.boot.class.path" value="F:\MyEclipse\binary\com.sun.java.jdk8.win32.x86_64_1.8.0.v112\jre\lib\resources.jar;F:\MyEclipse\binary\com.sun.java.jdk8.win32.x86_64_1.8.0.v112\jre\lib\rt.jar;F:\MyEclipse\binary\com.sun.java.jdk8.win32.x86_64_1.8.0.v112\jre\lib\sunrsasign.jar;F:\MyEclipse\binary\com.sun.java.jdk8.win32.x86_64_1.8.0.v112\jre\lib\jsse.jar;F:\MyEclipse\binary\com.sun.java.jdk8.win32.x86_64_1.8.0.v112\jre\lib\jce.jar;F:\MyEclipse\binary\com.sun.java.jdk8.win32.x86_64_1.8.0.v112\jre\lib\charsets.jar;F:\MyEclipse\binary\com.sun.java.jdk8.win32.x86_64_1.8.0.v112\jre\lib\jfr.jar;F:\MyEclipse\binary\com.sun.java.jdk8.win32.x86_64_1.8.0.v112\jre\classes"/>
    <property name="java.vendor" value="Oracle Corporation"/>
    <property name="maven.home" value="D:\cheese java\nw\nw spring\jp\searching-service\EMBEDDED"/>
    <property name="file.separator" value="\"/>
    <property name="java.vendor.url.bug" value="http://bugreport.sun.com/bugreport/"/>
    <property name="sun.cpu.endian" value="little"/>
    <property name="sun.io.unicode.encoding" value="UnicodeLittle"/>
    <property name="sun.desktop" value="windows"/>
    <property name="sun.cpu.isalist" value="amd64"/>
  </properties>
  <testcase name="testApp" classname="org.searching.service.AppTest" time="0"/>
</testsuite>